<?xml version="1.0" encoding="UTF-8"?>
<!-- Generated by org.testng.reporters.JUnitReportReporter -->
<testsuite hostname="DESKTOP-0F65BGN" failures="0" tests="1" name="dataDrivern_Testing.UtilityClass" time="1.207" errors="0" timestamp="16 Jan 2023 13:59:04 GMT" skipped="0">
  <testcase classname="dataDrivern_Testing.UtilityClass" name="readEXCEL" time="1.207"/>
</testsuite> <!-- dataDrivern_Testing.UtilityClass -->
