<?xml version="1.0" encoding="UTF-8"?>
<!-- Generated by org.testng.reporters.JUnitReportReporter -->
<testsuite hostname="DESKTOP-0F65BGN" failures="0" tests="1" name="TC02_POSTRequest" time="3.976" errors="0" timestamp="15 Jan 2023 09:40:41 GMT" skipped="0">
  <testcase classname="TC02_POSTRequest" name="postRequest_createData" time="3.976"/>
</testsuite> <!-- TC02_POSTRequest -->
