<?xml version="1.0" encoding="UTF-8"?>
<!-- Generated by org.testng.reporters.JUnitReportReporter -->
<testsuite hostname="DESKTOP-0F65BGN" failures="0" tests="1" name="mytest.PTC03_GETHeaders" time="1.449" errors="0" timestamp="17 Jan 2023 08:21:03 GMT" skipped="0">
  <testcase classname="mytest.PTC03_GETHeaders" name="getPetDetails" time="1.449"/>
</testsuite> <!-- mytest.PTC03_GETHeaders -->
