<?xml version="1.0" encoding="UTF-8"?>
<!-- Generated by org.testng.reporters.JUnitReportReporter -->
<testsuite hostname="DESKTOP-0F65BGN" failures="0" tests="1" name="mytest.PTC04_getJSONDATA" time="3.831" errors="0" timestamp="17 Jan 2023 08:21:03 GMT" skipped="0">
  <testcase classname="mytest.PTC04_getJSONDATA" name="get_JSONData" time="3.831"/>
</testsuite> <!-- mytest.PTC04_getJSONDATA -->
