<?xml version="1.0" encoding="UTF-8"?>
<!-- Generated by org.testng.reporters.JUnitReportReporter -->
<testsuite hostname="DESKTOP-0F65BGN" failures="0" tests="3" name="mytest.PTC02_POSTRequest" time="4.815" errors="0" timestamp="17 Jan 2023 08:21:03 GMT" skipped="0">
  <testcase classname="mytest.PTC02_POSTRequest" name="postRequest" time="0.598"/>
  <testcase classname="mytest.PTC02_POSTRequest" name="postRequest" time="3.595"/>
  <testcase classname="mytest.PTC02_POSTRequest" name="postRequest" time="0.622"/>
</testsuite> <!-- mytest.PTC02_POSTRequest -->
