<?xml version="1.0" encoding="UTF-8"?>
<!-- Generated by org.testng.reporters.JUnitReportReporter -->
<testsuite hostname="DESKTOP-0F65BGN" failures="0" tests="1" name="TC01_GETRequest" time="3.906" errors="0" timestamp="10 Jan 2023 15:24:49 GMT" skipped="0">
  <testcase classname="TC01_GETRequest" name="getPetDetails" time="3.906"/>
</testsuite> <!-- TC01_GETRequest -->
