<?xml version="1.0" encoding="UTF-8"?>
<!-- Generated by org.testng.reporters.JUnitReportReporter -->
<testsuite hostname="DESKTOP-0F65BGN" failures="0" tests="1" name="mytest.PTC05_GETREquestWithBasicAuth" time="0.841" errors="0" timestamp="17 Jan 2023 08:21:03 GMT" skipped="0">
  <testcase classname="mytest.PTC05_GETREquestWithBasicAuth" name="getRquestWithBasicAuth" time="0.841"/>
</testsuite> <!-- mytest.PTC05_GETREquestWithBasicAuth -->
